<?xml version="1.0" encoding="UTF-8"?>
<!-- Generated by org.testng.reporters.JUnitReportReporter -->
<testsuite hostname="pc-hp" failures="0" tests="1" name="com.inetbanking.testCases.TC_AddNewCustomer_003" time="14.648" errors="0" timestamp="2021-04-16T17:27:11 IST" skipped="0">
  <testcase classname="com.inetbanking.testCases.TC_AddNewCustomer_003" name="AddNewCustomer" time="14.648"/>
  <system-out/>
</testsuite> <!-- com.inetbanking.testCases.TC_AddNewCustomer_003 -->
