<?xml version="1.0" encoding="UTF-8"?>
<!-- Generated by org.testng.reporters.JUnitReportReporter -->
<testsuite hostname="pc-hp" failures="0" tests="1" name="com.inetbanking.testCases.TC_UpdateCustomer_004" time="6.989" errors="0" timestamp="2021-04-16T17:36:24 IST" skipped="0">
  <testcase classname="com.inetbanking.testCases.TC_UpdateCustomer_004" name="updateCustomer" time="6.989"/>
  <system-out/>
</testsuite> <!-- com.inetbanking.testCases.TC_UpdateCustomer_004 -->
